<?xml version="1.0" encoding="UTF-8"?>
<!-- Generated by org.testng.reporters.JUnitReportReporter -->
<testsuite hostname="Sarah-PC" name="com.models.LikeCheckinTest" tests="1" failures="0" timestamp="5 May 2016 11:30:02 GMT" time="0.640" errors="0">
  <testcase name="getNumberOfLikes" time="0.640" classname="com.models.LikeCheckinTest"/>
</testsuite> <!-- com.models.LikeCheckinTest -->
