<?xml version="1.0" encoding="UTF-8"?>
<!-- Generated by org.testng.reporters.JUnitReportReporter -->
<testsuite hostname="Sarah-PC" name="com.models.PlaceModelTest" tests="1" failures="0" timestamp="4 May 2016 17:53:48 GMT" time="0.702" errors="0">
  <testcase name="addNewPlace" time="0.702" classname="com.models.PlaceModelTest"/>
</testsuite> <!-- com.models.PlaceModelTest -->
